<?xml version="1.0" encoding="UTF-8"?>
<testsuite name="solution.ContainerWithMostWaterTest" tests="4" skipped="0" failures="0" errors="0" timestamp="2022-11-03T04:28:44" hostname="FPC" time="0.062">
  <properties/>
  <testcase name="[1] [1, 1], 1" classname="solution.ContainerWithMostWaterTest" time="0.049"/>
  <testcase name="[2] [1, 8, 6, 2, 5, 4, 8, 3, 7], 49" classname="solution.ContainerWithMostWaterTest" time="0.002"/>
  <testcase name="[3] [2, 3, 4, 5, 18, 17, 6], 17" classname="solution.ContainerWithMostWaterTest" time="0.001"/>
  <testcase name="[4] [1, 1000, 1000, 6, 2, 5, 4, 8, 3, 7], 1000" classname="solution.ContainerWithMostWaterTest" time="0.001"/>
  <system-out><![CDATA[]]></system-out>
  <system-err><![CDATA[]]></system-err>
</testsuite>
